1083 [background-preinit] INFO  o.h.validator.internal.util.Version –HV000001: Hibernate Validator 6.1.7.Final
1083 [restartedMain] INFO  com.example.demo.JavaApplication –Starting JavaApplication using Java 15.0.2 on Best-Komp with PID 7488 (C:\Users\Admin\IdeaProjects\pr20\target\classes started by Admin in C:\Users\Admin\IdeaProjects\pr20)
1089 [restartedMain] INFO  com.example.demo.JavaApplication –No active profile set, falling back to default profiles: default
1157 [restartedMain] INFO  o.s.b.d.e.DevToolsPropertyDefaultsPostProcessor –Devtools property defaults active! Set 'spring.devtools.add-properties' to 'false' to disable
1158 [restartedMain] INFO  o.s.b.d.e.DevToolsPropertyDefaultsPostProcessor –For additional web related logging consider setting the 'logging.level.web' property to 'DEBUG'
2239 [restartedMain] INFO  o.s.d.r.c.RepositoryConfigurationDelegate –Bootstrapping Spring Data JPA repositories in DEFAULT mode.
2305 [restartedMain] INFO  o.s.d.r.c.RepositoryConfigurationDelegate –Finished Spring Data repository scanning in 57 ms. Found 2 JPA repository interfaces.
2886 [restartedMain] INFO  o.s.b.w.e.tomcat.TomcatWebServer –Tomcat initialized with port(s): 8080 (http)
2894 [restartedMain] INFO  o.a.coyote.http11.Http11NioProtocol –Initializing ProtocolHandler ["http-nio-8080"]
2895 [restartedMain] INFO  o.a.catalina.core.StandardService –Starting service [Tomcat]
2895 [restartedMain] INFO  o.a.catalina.core.StandardEngine –Starting Servlet engine: [Apache Tomcat/9.0.44]
2981 [restartedMain] INFO  o.a.c.c.C.[Tomcat].[localhost].[/] –Initializing Spring embedded WebApplicationContext
2982 [restartedMain] INFO  o.s.b.w.s.c.ServletWebServerApplicationContext –Root WebApplicationContext: initialization completed in 1822 ms
3137 [restartedMain] WARN  o.s.b.w.s.c.AnnotationConfigServletWebServerApplicationContext –Exception encountered during context initialization - cancelling refresh attempt: org.springframework.beans.factory.UnsatisfiedDependencyException: Error creating bean with name 'inMemoryDatabaseShutdownExecutor' defined in class path resource [org/springframework/boot/devtools/autoconfigure/DevToolsDataSourceAutoConfiguration.class]: Unsatisfied dependency expressed through method 'inMemoryDatabaseShutdownExecutor' parameter 0; nested exception is org.springframework.beans.factory.BeanCreationException: Error creating bean with name 'dataSource' defined in class path resource [org/springframework/boot/autoconfigure/jdbc/DataSourceConfiguration$Hikari.class]: Bean instantiation via factory method failed; nested exception is org.springframework.beans.BeanInstantiationException: Failed to instantiate [com.zaxxer.hikari.HikariDataSource]: Factory method 'dataSource' threw exception; nested exception is org.springframework.boot.autoconfigure.jdbc.DataSourceProperties$DataSourceBeanCreationException: Failed to determine a suitable driver class
3141 [restartedMain] INFO  o.a.catalina.core.StandardService –Stopping service [Tomcat]
3164 [restartedMain] INFO  o.s.b.a.l.ConditionEvaluationReportLoggingListener –

Error starting ApplicationContext. To display the conditions report re-run your application with 'debug' enabled.
3183 [restartedMain] ERROR o.s.b.d.LoggingFailureAnalysisReporter –

***************************
APPLICATION FAILED TO START
***************************

Description:

Failed to configure a DataSource: 'url' attribute is not specified and no embedded datasource could be configured.

Reason: Failed to determine a suitable driver class


Action:

Consider the following:
	If you want an embedded database (H2, HSQL or Derby), please put it on the classpath.
	If you have database settings to be loaded from a particular profile you may need to activate it (no profiles are currently active).

1138 [background-preinit] INFO  o.h.validator.internal.util.Version –HV000001: Hibernate Validator 6.1.7.Final
1138 [restartedMain] INFO  com.example.demo.JavaApplication –Starting JavaApplication using Java 15.0.2 on Best-Komp with PID 2364 (C:\Users\Admin\IdeaProjects\pr20\target\classes started by Admin in C:\Users\Admin\IdeaProjects\pr20)
1147 [restartedMain] INFO  com.example.demo.JavaApplication –No active profile set, falling back to default profiles: default
1238 [restartedMain] INFO  o.s.b.d.e.DevToolsPropertyDefaultsPostProcessor –Devtools property defaults active! Set 'spring.devtools.add-properties' to 'false' to disable
1238 [restartedMain] INFO  o.s.b.d.e.DevToolsPropertyDefaultsPostProcessor –For additional web related logging consider setting the 'logging.level.web' property to 'DEBUG'
2379 [restartedMain] INFO  o.s.d.r.c.RepositoryConfigurationDelegate –Bootstrapping Spring Data JPA repositories in DEFAULT mode.
2437 [restartedMain] INFO  o.s.d.r.c.RepositoryConfigurationDelegate –Finished Spring Data repository scanning in 49 ms. Found 2 JPA repository interfaces.
3006 [restartedMain] INFO  o.s.b.w.e.tomcat.TomcatWebServer –Tomcat initialized with port(s): 8080 (http)
3014 [restartedMain] INFO  o.a.coyote.http11.Http11NioProtocol –Initializing ProtocolHandler ["http-nio-8080"]
3014 [restartedMain] INFO  o.a.catalina.core.StandardService –Starting service [Tomcat]
3015 [restartedMain] INFO  o.a.catalina.core.StandardEngine –Starting Servlet engine: [Apache Tomcat/9.0.44]
3120 [restartedMain] INFO  o.a.c.c.C.[Tomcat].[localhost].[/] –Initializing Spring embedded WebApplicationContext
3120 [restartedMain] INFO  o.s.b.w.s.c.ServletWebServerApplicationContext –Root WebApplicationContext: initialization completed in 1880 ms
3371 [restartedMain] INFO  o.h.jpa.internal.util.LogHelper –HHH000204: Processing PersistenceUnitInfo [name: default]
3406 [restartedMain] INFO  org.hibernate.Version –HHH000412: Hibernate ORM core version 5.4.29.Final
3502 [restartedMain] INFO  o.h.annotations.common.Version –HCANN000001: Hibernate Commons Annotations {5.1.2.Final}
3600 [restartedMain] INFO  com.zaxxer.hikari.HikariDataSource –HikariPool-1 - Starting...
3778 [restartedMain] INFO  com.zaxxer.hikari.HikariDataSource –HikariPool-1 - Start completed.
3790 [restartedMain] INFO  org.hibernate.dialect.Dialect –HHH000400: Using dialect: org.hibernate.dialect.PostgreSQLDialect
4639 [restartedMain] INFO  o.h.e.t.j.p.i.JtaPlatformInitiator –HHH000490: Using JtaPlatform implementation: [org.hibernate.engine.transaction.jta.platform.internal.NoJtaPlatform]
4647 [restartedMain] INFO  o.s.o.j.LocalContainerEntityManagerFactoryBean –Initialized JPA EntityManagerFactory for persistence unit 'default'
4682 [restartedMain] INFO  o.s.b.d.a.OptionalLiveReloadServer –LiveReload server is running on port 35729
5085 [restartedMain] WARN  o.s.b.a.o.j.JpaBaseConfiguration$JpaWebConfiguration –spring.jpa.open-in-view is enabled by default. Therefore, database queries may be performed during view rendering. Explicitly configure spring.jpa.open-in-view to disable this warning
5207 [restartedMain] INFO  o.s.s.c.ThreadPoolTaskExecutor –Initializing ExecutorService 'applicationTaskExecutor'
5578 [restartedMain] INFO  o.s.b.a.e.web.EndpointLinksResolver –Exposing 2 endpoint(s) beneath base path '/actuator'
5617 [restartedMain] INFO  o.a.coyote.http11.Http11NioProtocol –Starting ProtocolHandler ["http-nio-8080"]
5638 [restartedMain] INFO  o.s.b.w.e.tomcat.TomcatWebServer –Tomcat started on port(s): 8080 (http) with context path ''
5657 [restartedMain] INFO  com.example.demo.JavaApplication –Started JavaApplication in 5.081 seconds (JVM running for 6.419)
6088 [RMI TCP Connection(2)-172.18.33.49] INFO  o.a.c.c.C.[Tomcat].[localhost].[/] –Initializing Spring DispatcherServlet 'dispatcherServlet'
6089 [RMI TCP Connection(2)-172.18.33.49] INFO  o.s.web.servlet.DispatcherServlet –Initializing Servlet 'dispatcherServlet'
6090 [RMI TCP Connection(2)-172.18.33.49] INFO  o.s.web.servlet.DispatcherServlet –Completed initialization in 1 ms
1096 [restartedMain] INFO  com.example.demo.JavaApplication –Starting JavaApplication using Java 15.0.2 on Best-Komp with PID 6380 (C:\Users\Admin\IdeaProjects\pr20\target\classes started by Admin in C:\Users\Admin\IdeaProjects\pr20)
1099 [restartedMain] INFO  com.example.demo.JavaApplication –No active profile set, falling back to default profiles: default
1098 [background-preinit] INFO  o.h.validator.internal.util.Version –HV000001: Hibernate Validator 6.1.7.Final
1207 [restartedMain] INFO  o.s.b.d.e.DevToolsPropertyDefaultsPostProcessor –Devtools property defaults active! Set 'spring.devtools.add-properties' to 'false' to disable
1208 [restartedMain] INFO  o.s.b.d.e.DevToolsPropertyDefaultsPostProcessor –For additional web related logging consider setting the 'logging.level.web' property to 'DEBUG'
2361 [restartedMain] INFO  o.s.d.r.c.RepositoryConfigurationDelegate –Bootstrapping Spring Data JPA repositories in DEFAULT mode.
2421 [restartedMain] INFO  o.s.d.r.c.RepositoryConfigurationDelegate –Finished Spring Data repository scanning in 50 ms. Found 2 JPA repository interfaces.
3182 [restartedMain] INFO  o.s.b.w.e.tomcat.TomcatWebServer –Tomcat initialized with port(s): 8080 (http)
3190 [restartedMain] INFO  o.a.coyote.http11.Http11NioProtocol –Initializing ProtocolHandler ["http-nio-8080"]
3191 [restartedMain] INFO  o.a.catalina.core.StandardService –Starting service [Tomcat]
3191 [restartedMain] INFO  o.a.catalina.core.StandardEngine –Starting Servlet engine: [Apache Tomcat/9.0.44]
3277 [restartedMain] INFO  o.a.c.c.C.[Tomcat].[localhost].[/] –Initializing Spring embedded WebApplicationContext
3277 [restartedMain] INFO  o.s.b.w.s.c.ServletWebServerApplicationContext –Root WebApplicationContext: initialization completed in 2064 ms
3544 [restartedMain] INFO  o.h.jpa.internal.util.LogHelper –HHH000204: Processing PersistenceUnitInfo [name: default]
3578 [restartedMain] INFO  org.hibernate.Version –HHH000412: Hibernate ORM core version 5.4.29.Final
3681 [restartedMain] INFO  o.h.annotations.common.Version –HCANN000001: Hibernate Commons Annotations {5.1.2.Final}
3768 [restartedMain] INFO  com.zaxxer.hikari.HikariDataSource –HikariPool-1 - Starting...
3924 [restartedMain] INFO  com.zaxxer.hikari.HikariDataSource –HikariPool-1 - Start completed.
3935 [restartedMain] INFO  org.hibernate.dialect.Dialect –HHH000400: Using dialect: org.hibernate.dialect.PostgreSQLDialect
4785 [restartedMain] INFO  o.h.e.t.j.p.i.JtaPlatformInitiator –HHH000490: Using JtaPlatform implementation: [org.hibernate.engine.transaction.jta.platform.internal.NoJtaPlatform]
4793 [restartedMain] INFO  o.s.o.j.LocalContainerEntityManagerFactoryBean –Initialized JPA EntityManagerFactory for persistence unit 'default'
4828 [restartedMain] INFO  o.s.b.d.a.OptionalLiveReloadServer –LiveReload server is running on port 35729
5336 [restartedMain] WARN  o.s.b.a.o.j.JpaBaseConfiguration$JpaWebConfiguration –spring.jpa.open-in-view is enabled by default. Therefore, database queries may be performed during view rendering. Explicitly configure spring.jpa.open-in-view to disable this warning
5450 [restartedMain] INFO  o.s.s.c.ThreadPoolTaskExecutor –Initializing ExecutorService 'applicationTaskExecutor'
5854 [restartedMain] INFO  o.s.b.a.e.web.EndpointLinksResolver –Exposing 2 endpoint(s) beneath base path '/actuator'
5896 [restartedMain] INFO  o.a.coyote.http11.Http11NioProtocol –Starting ProtocolHandler ["http-nio-8080"]
5917 [restartedMain] INFO  o.s.b.w.e.tomcat.TomcatWebServer –Tomcat started on port(s): 8080 (http) with context path ''
5934 [restartedMain] INFO  com.example.demo.JavaApplication –Started JavaApplication in 5.376 seconds (JVM running for 6.838)
6387 [RMI TCP Connection(3)-172.18.33.49] INFO  o.a.c.c.C.[Tomcat].[localhost].[/] –Initializing Spring DispatcherServlet 'dispatcherServlet'
6388 [RMI TCP Connection(3)-172.18.33.49] INFO  o.s.web.servlet.DispatcherServlet –Initializing Servlet 'dispatcherServlet'
6389 [RMI TCP Connection(3)-172.18.33.49] INFO  o.s.web.servlet.DispatcherServlet –Completed initialization in 1 ms
126831 [http-nio-8080-exec-3] INFO  com.example.demo.log.Aspect –Parameters: {}
126851 [http-nio-8080-exec-3] INFO  c.example.demo.service.bankService –Found all banks
127000 [http-nio-8080-exec-3] INFO  com.example.demo.log.Aspect –Parameters: {}
127011 [http-nio-8080-exec-3] INFO  c.example.demo.service.cardService –Found all cards
132881 [http-nio-8080-exec-4] INFO  com.example.demo.log.Aspect –Parameters: Bank(id=null, name=dfsfs, address=lol, cardList=null)
132882 [http-nio-8080-exec-4] INFO  c.example.demo.service.bankService –Added new bank Bank(id=null, name=dfsfs, address=lol, cardList=null)
132990 [http-nio-8080-exec-5] INFO  com.example.demo.log.Aspect –Parameters: {}
132990 [http-nio-8080-exec-5] INFO  c.example.demo.service.bankService –Found all banks
132995 [http-nio-8080-exec-5] INFO  com.example.demo.log.Aspect –Parameters: {}
132996 [http-nio-8080-exec-5] INFO  c.example.demo.service.cardService –Found all cards
